2017-09-07 11:14:15,713 [           main] DEBUG o.s.w.c.s.StandardServletEnvironment - Adding [servletConfigInitParams] PropertySource with lowest search precedence 
2017-09-07 11:14:15,728 [           main] DEBUG o.s.w.c.s.StandardServletEnvironment - Adding [servletContextInitParams] PropertySource with lowest search precedence 
2017-09-07 11:14:15,729 [           main] DEBUG o.s.w.c.s.StandardServletEnvironment - Adding [systemProperties] PropertySource with lowest search precedence 
2017-09-07 11:14:15,729 [           main] DEBUG o.s.w.c.s.StandardServletEnvironment - Adding [systemEnvironment] PropertySource with lowest search precedence 
2017-09-07 11:14:15,729 [           main] DEBUG o.s.w.c.s.StandardServletEnvironment - Initialized StandardServletEnvironment with PropertySources [servletConfigInitParams,servletContextInitParams,systemProperties,systemEnvironment] 
2017-09-07 11:14:15,766 [           main] INFO  c.z.f.usercenter.server.pushServer - Starting pushServer on admin-PC with PID 7192 (D:\workspace_github_spring_cloud\zdstPush-server\target\classes started by admin in D:\workspace_github_spring_cloud\zdstPush-server) 
2017-09-07 11:14:15,767 [           main] DEBUG c.z.f.usercenter.server.pushServer - Running with Spring Boot v1.4.0.RELEASE, Spring v4.3.2.RELEASE 
2017-09-07 11:14:15,767 [           main] INFO  c.z.f.usercenter.server.pushServer - No active profile set, falling back to default profiles: default 
2017-09-07 11:14:16,048 [background-preinit] DEBUG org.jboss.logging - Logging Provider: org.jboss.logging.Slf4jLoggerProvider found via system property 
2017-09-07 11:14:16,051 [background-preinit] INFO  o.h.validator.internal.util.Version - HV000001: Hibernate Validator 5.2.4.Final 
2017-09-07 11:14:16,207 [           main] INFO  o.s.b.c.e.AnnotationConfigEmbeddedWebApplicationContext - Refreshing org.springframework.boot.context.embedded.AnnotationConfigEmbeddedWebApplicationContext@408d971b: startup date [Thu Sep 07 11:14:16 CST 2017]; root of context hierarchy 
2017-09-07 11:14:17,194 [           main] DEBUG o.s.w.c.s.StandardServletEnvironment - Adding [applicationConfig: [classpath:/application.properties]] PropertySource with search precedence immediately lower than [applicationConfigurationProperties] 
2017-09-07 11:14:17,195 [           main] DEBUG o.s.w.c.s.StandardServletEnvironment - Removing [applicationConfigurationProperties] PropertySource 
2017-09-07 11:14:17,195 [           main] DEBUG o.s.w.c.s.StandardServletEnvironment - Removing [defaultProperties] PropertySource 
2017-09-07 11:14:17,273 [           main] INFO  o.s.c.s.PostProcessorRegistrationDelegate$BeanPostProcessorChecker - Bean 'org.springframework.cache.annotation.ProxyCachingConfiguration' of type [class org.springframework.cache.annotation.ProxyCachingConfiguration$$EnhancerBySpringCGLIB$$eb0c4a0b] is not eligible for getting processed by all BeanPostProcessors (for example: not eligible for auto-proxying) 
2017-09-07 11:14:17,308 [           main] INFO  o.s.c.s.PostProcessorRegistrationDelegate$BeanPostProcessorChecker - Bean 'org.springframework.boot.autoconfigure.cache.CacheAutoConfiguration' of type [class org.springframework.boot.autoconfigure.cache.CacheAutoConfiguration$$EnhancerBySpringCGLIB$$df800eaf] is not eligible for getting processed by all BeanPostProcessors (for example: not eligible for auto-proxying) 
2017-09-07 11:14:17,439 [           main] INFO  o.s.c.s.PostProcessorRegistrationDelegate$BeanPostProcessorChecker - Bean 'spring.cache-org.springframework.boot.autoconfigure.cache.CacheProperties' of type [class org.springframework.boot.autoconfigure.cache.CacheProperties] is not eligible for getting processed by all BeanPostProcessors (for example: not eligible for auto-proxying) 
2017-09-07 11:14:17,446 [           main] INFO  o.s.c.s.PostProcessorRegistrationDelegate$BeanPostProcessorChecker - Bean 'org.springframework.boot.autoconfigure.cache.CacheManagerCustomizers' of type [class org.springframework.boot.autoconfigure.cache.CacheManagerCustomizers] is not eligible for getting processed by all BeanPostProcessors (for example: not eligible for auto-proxying) 
2017-09-07 11:14:17,451 [           main] INFO  o.s.c.s.PostProcessorRegistrationDelegate$BeanPostProcessorChecker - Bean 'org.springframework.boot.autoconfigure.cache.SimpleCacheConfiguration' of type [class org.springframework.boot.autoconfigure.cache.SimpleCacheConfiguration$$EnhancerBySpringCGLIB$$811b8190] is not eligible for getting processed by all BeanPostProcessors (for example: not eligible for auto-proxying) 
2017-09-07 11:14:17,462 [           main] INFO  o.s.c.s.PostProcessorRegistrationDelegate$BeanPostProcessorChecker - Bean 'cacheManager' of type [class org.springframework.cache.concurrent.ConcurrentMapCacheManager] is not eligible for getting processed by all BeanPostProcessors (for example: not eligible for auto-proxying) 
2017-09-07 11:14:17,462 [           main] INFO  o.s.c.s.PostProcessorRegistrationDelegate$BeanPostProcessorChecker - Bean 'cacheAutoConfigurationValidator' of type [class org.springframework.boot.autoconfigure.cache.CacheAutoConfiguration$CacheManagerValidator] is not eligible for getting processed by all BeanPostProcessors (for example: not eligible for auto-proxying) 
2017-09-07 11:14:18,086 [           main] INFO  o.s.b.c.e.t.TomcatEmbeddedServletContainer - Tomcat initialized with port(s): 8124 (http) 
2017-09-07 11:14:18,102 [           main] INFO  o.a.catalina.core.StandardService - Starting service Tomcat 
2017-09-07 11:14:18,104 [           main] INFO  o.a.catalina.core.StandardEngine - Starting Servlet Engine: Apache Tomcat/8.5.4 
2017-09-07 11:14:18,213 [localhost-startStop-1] INFO  o.a.c.c.C.[Tomcat].[localhost].[/] - Initializing Spring embedded WebApplicationContext 
2017-09-07 11:14:18,214 [localhost-startStop-1] DEBUG o.s.web.context.ContextLoader - Published root WebApplicationContext as ServletContext attribute with name [org.springframework.web.context.WebApplicationContext.ROOT] 
2017-09-07 11:14:18,214 [localhost-startStop-1] INFO  o.s.web.context.ContextLoader - Root WebApplicationContext: initialization completed in 2007 ms 
2017-09-07 11:14:18,339 [localhost-startStop-1] DEBUG o.s.w.c.s.StandardServletEnvironment - Adding [servletConfigInitParams] PropertySource with lowest search precedence 
2017-09-07 11:14:18,340 [localhost-startStop-1] DEBUG o.s.w.c.s.StandardServletEnvironment - Adding [servletContextInitParams] PropertySource with lowest search precedence 
2017-09-07 11:14:18,340 [localhost-startStop-1] DEBUG o.s.w.c.s.StandardServletEnvironment - Adding [systemProperties] PropertySource with lowest search precedence 
2017-09-07 11:14:18,341 [localhost-startStop-1] DEBUG o.s.w.c.s.StandardServletEnvironment - Adding [systemEnvironment] PropertySource with lowest search precedence 
2017-09-07 11:14:18,341 [localhost-startStop-1] DEBUG o.s.w.c.s.StandardServletEnvironment - Initialized StandardServletEnvironment with PropertySources [servletConfigInitParams,servletContextInitParams,systemProperties,systemEnvironment] 
2017-09-07 11:14:18,365 [localhost-startStop-1] DEBUG o.s.w.c.s.StandardServletEnvironment - Adding [servletConfigInitParams] PropertySource with lowest search precedence 
2017-09-07 11:14:18,365 [localhost-startStop-1] DEBUG o.s.w.c.s.StandardServletEnvironment - Adding [servletContextInitParams] PropertySource with lowest search precedence 
2017-09-07 11:14:18,365 [localhost-startStop-1] DEBUG o.s.w.c.s.StandardServletEnvironment - Adding [systemProperties] PropertySource with lowest search precedence 
2017-09-07 11:14:18,365 [localhost-startStop-1] DEBUG o.s.w.c.s.StandardServletEnvironment - Adding [systemEnvironment] PropertySource with lowest search precedence 
2017-09-07 11:14:18,365 [localhost-startStop-1] DEBUG o.s.w.c.s.StandardServletEnvironment - Initialized StandardServletEnvironment with PropertySources [servletConfigInitParams,servletContextInitParams,systemProperties,systemEnvironment] 
2017-09-07 11:14:18,376 [localhost-startStop-1] DEBUG o.s.w.c.s.StandardServletEnvironment - Adding [servletConfigInitParams] PropertySource with lowest search precedence 
2017-09-07 11:14:18,376 [localhost-startStop-1] DEBUG o.s.w.c.s.StandardServletEnvironment - Adding [servletContextInitParams] PropertySource with lowest search precedence 
2017-09-07 11:14:18,376 [localhost-startStop-1] DEBUG o.s.w.c.s.StandardServletEnvironment - Adding [systemProperties] PropertySource with lowest search precedence 
2017-09-07 11:14:18,376 [localhost-startStop-1] DEBUG o.s.w.c.s.StandardServletEnvironment - Adding [systemEnvironment] PropertySource with lowest search precedence 
2017-09-07 11:14:18,377 [localhost-startStop-1] DEBUG o.s.w.c.s.StandardServletEnvironment - Initialized StandardServletEnvironment with PropertySources [servletConfigInitParams,servletContextInitParams,systemProperties,systemEnvironment] 
2017-09-07 11:14:18,388 [localhost-startStop-1] DEBUG o.s.w.c.s.StandardServletEnvironment - Adding [servletConfigInitParams] PropertySource with lowest search precedence 
2017-09-07 11:14:18,388 [localhost-startStop-1] DEBUG o.s.w.c.s.StandardServletEnvironment - Adding [servletContextInitParams] PropertySource with lowest search precedence 
2017-09-07 11:14:18,389 [localhost-startStop-1] DEBUG o.s.w.c.s.StandardServletEnvironment - Adding [systemProperties] PropertySource with lowest search precedence 
2017-09-07 11:14:18,389 [localhost-startStop-1] DEBUG o.s.w.c.s.StandardServletEnvironment - Adding [systemEnvironment] PropertySource with lowest search precedence 
2017-09-07 11:14:18,389 [localhost-startStop-1] DEBUG o.s.w.c.s.StandardServletEnvironment - Initialized StandardServletEnvironment with PropertySources [servletConfigInitParams,servletContextInitParams,systemProperties,systemEnvironment] 
2017-09-07 11:14:18,407 [localhost-startStop-1] INFO  o.s.b.w.s.ServletRegistrationBean - Mapping servlet: 'dispatcherServlet' to [/] 
2017-09-07 11:14:18,414 [localhost-startStop-1] INFO  o.s.b.w.s.FilterRegistrationBean - Mapping filter: 'characterEncodingFilter' to: [/*] 
2017-09-07 11:14:18,415 [localhost-startStop-1] INFO  o.s.b.w.s.FilterRegistrationBean - Mapping filter: 'hiddenHttpMethodFilter' to: [/*] 
2017-09-07 11:14:18,415 [localhost-startStop-1] INFO  o.s.b.w.s.FilterRegistrationBean - Mapping filter: 'httpPutFormContentFilter' to: [/*] 
2017-09-07 11:14:18,415 [localhost-startStop-1] INFO  o.s.b.w.s.FilterRegistrationBean - Mapping filter: 'requestContextFilter' to: [/*] 
2017-09-07 11:14:18,445 [           main] DEBUG o.s.w.c.s.StandardServletEnvironment - Replacing [servletContextInitParams] PropertySource with [servletContextInitParams] 
2017-09-07 11:14:18,510 [           main] INFO  o.s.s.c.ThreadPoolTaskScheduler - Initializing ExecutorService  'defaultSockJsTaskScheduler' 
2017-09-07 11:14:18,566 [           main] INFO  o.s.w.s.s.s.WebSocketHandlerMapping - Mapped URL path [/webSocketServer] onto handler of type [class org.springframework.web.socket.server.support.WebSocketHttpRequestHandler] 
2017-09-07 11:14:18,567 [           main] INFO  o.s.w.s.s.s.WebSocketHandlerMapping - Mapped URL path [/sockjs/webSocketServer/**] onto handler of type [class org.springframework.web.socket.sockjs.support.SockJsHttpRequestHandler] 
2017-09-07 11:14:18,887 [           main] INFO  o.s.w.s.m.m.a.RequestMappingHandlerAdapter - Looking for @ControllerAdvice: org.springframework.boot.context.embedded.AnnotationConfigEmbeddedWebApplicationContext@408d971b: startup date [Thu Sep 07 11:14:16 CST 2017]; root of context hierarchy 
2017-09-07 11:14:18,994 [           main] DEBUG o.s.w.s.m.m.a.RequestMappingHandlerMapping - Looking for request mappings in application context: org.springframework.boot.context.embedded.AnnotationConfigEmbeddedWebApplicationContext@408d971b: startup date [Thu Sep 07 11:14:16 CST 2017]; root of context hierarchy 
2017-09-07 11:14:19,008 [           main] DEBUG o.s.w.s.m.m.a.RequestMappingHandlerMapping - 3 request handler methods found on class cn.zdst.fireAlarm.usercenter.server.controller.WsController: {public java.lang.String cn.zdst.fireAlarm.usercenter.server.controller.WsController.all(javax.servlet.http.HttpServletRequest,java.lang.String)={[/pushMsgToUsers]}, public java.lang.String cn.zdst.fireAlarm.usercenter.server.controller.WsController.auditing(javax.servlet.http.HttpServletRequest,java.lang.String,java.lang.String,java.lang.String) throws java.io.UnsupportedEncodingException={[/pushMsgToUser]}, public java.lang.String cn.zdst.fireAlarm.usercenter.server.controller.WsController.receiveMsg(javax.servlet.http.HttpServletRequest,java.util.Map)={[/receiveMsg]}} 
2017-09-07 11:14:19,009 [           main] INFO  o.s.w.s.m.m.a.RequestMappingHandlerMapping - Mapped "{[/pushMsgToUsers]}" onto public java.lang.String cn.zdst.fireAlarm.usercenter.server.controller.WsController.all(javax.servlet.http.HttpServletRequest,java.lang.String) 
2017-09-07 11:14:19,009 [           main] INFO  o.s.w.s.m.m.a.RequestMappingHandlerMapping - Mapped "{[/pushMsgToUser]}" onto public java.lang.String cn.zdst.fireAlarm.usercenter.server.controller.WsController.auditing(javax.servlet.http.HttpServletRequest,java.lang.String,java.lang.String,java.lang.String) throws java.io.UnsupportedEncodingException 
2017-09-07 11:14:19,010 [           main] INFO  o.s.w.s.m.m.a.RequestMappingHandlerMapping - Mapped "{[/receiveMsg]}" onto public java.lang.String cn.zdst.fireAlarm.usercenter.server.controller.WsController.receiveMsg(javax.servlet.http.HttpServletRequest,java.util.Map<java.lang.String, java.lang.Object>) 
2017-09-07 11:14:19,013 [           main] DEBUG o.s.w.s.m.m.a.RequestMappingHandlerMapping - 2 request handler methods found on class org.springframework.boot.autoconfigure.web.BasicErrorController: {public org.springframework.http.ResponseEntity org.springframework.boot.autoconfigure.web.BasicErrorController.error(javax.servlet.http.HttpServletRequest)={[/error]}, public org.springframework.web.servlet.ModelAndView org.springframework.boot.autoconfigure.web.BasicErrorController.errorHtml(javax.servlet.http.HttpServletRequest,javax.servlet.http.HttpServletResponse)={[/error],produces=[text/html]}} 
2017-09-07 11:14:19,013 [           main] INFO  o.s.w.s.m.m.a.RequestMappingHandlerMapping - Mapped "{[/error]}" onto public org.springframework.http.ResponseEntity<java.util.Map<java.lang.String, java.lang.Object>> org.springframework.boot.autoconfigure.web.BasicErrorController.error(javax.servlet.http.HttpServletRequest) 
2017-09-07 11:14:19,013 [           main] INFO  o.s.w.s.m.m.a.RequestMappingHandlerMapping - Mapped "{[/error],produces=[text/html]}" onto public org.springframework.web.servlet.ModelAndView org.springframework.boot.autoconfigure.web.BasicErrorController.errorHtml(javax.servlet.http.HttpServletRequest,javax.servlet.http.HttpServletResponse) 
2017-09-07 11:14:19,029 [           main] INFO  o.s.w.s.c.a.WebMvcConfigurerAdapter - Adding welcome page: class path resource [static/index.html] 
2017-09-07 11:14:19,043 [           main] INFO  o.s.w.s.h.SimpleUrlHandlerMapping - Root mapping to handler of type [class org.springframework.web.servlet.mvc.ParameterizableViewController] 
2017-09-07 11:14:19,057 [           main] DEBUG o.s.w.s.h.BeanNameUrlHandlerMapping - Looking for URL mappings in application context: org.springframework.boot.context.embedded.AnnotationConfigEmbeddedWebApplicationContext@408d971b: startup date [Thu Sep 07 11:14:16 CST 2017]; root of context hierarchy 
2017-09-07 11:14:19,057 [           main] DEBUG o.s.w.s.h.BeanNameUrlHandlerMapping - Rejected bean name 'org.springframework.context.annotation.internalConfigurationAnnotationProcessor': no URL paths identified 
2017-09-07 11:14:19,057 [           main] DEBUG o.s.w.s.h.BeanNameUrlHandlerMapping - Rejected bean name 'org.springframework.context.annotation.internalAutowiredAnnotationProcessor': no URL paths identified 
2017-09-07 11:14:19,057 [           main] DEBUG o.s.w.s.h.BeanNameUrlHandlerMapping - Rejected bean name 'org.springframework.context.annotation.internalRequiredAnnotationProcessor': no URL paths identified 
2017-09-07 11:14:19,057 [           main] DEBUG o.s.w.s.h.BeanNameUrlHandlerMapping - Rejected bean name 'org.springframework.context.annotation.internalCommonAnnotationProcessor': no URL paths identified 
2017-09-07 11:14:19,058 [           main] DEBUG o.s.w.s.h.BeanNameUrlHandlerMapping - Rejected bean name 'org.springframework.context.event.internalEventListenerProcessor': no URL paths identified 
2017-09-07 11:14:19,058 [           main] DEBUG o.s.w.s.h.BeanNameUrlHandlerMapping - Rejected bean name 'org.springframework.context.event.internalEventListenerFactory': no URL paths identified 
2017-09-07 11:14:19,058 [           main] DEBUG o.s.w.s.h.BeanNameUrlHandlerMapping - Rejected bean name 'pushServer': no URL paths identified 
2017-09-07 11:14:19,058 [           main] DEBUG o.s.w.s.h.BeanNameUrlHandlerMapping - Rejected bean name 'org.springframework.boot.autoconfigure.internalCachingMetadataReaderFactory': no URL paths identified 
2017-09-07 11:14:19,058 [           main] DEBUG o.s.w.s.h.BeanNameUrlHandlerMapping - Rejected bean name 'org.springframework.context.annotation.ConfigurationClassPostProcessor.importAwareProcessor': no URL paths identified 
2017-09-07 11:14:19,058 [           main] DEBUG o.s.w.s.h.BeanNameUrlHandlerMapping - Rejected bean name 'org.springframework.context.annotation.ConfigurationClassPostProcessor.enhancedConfigurationProcessor': no URL paths identified 
2017-09-07 11:14:19,058 [           main] DEBUG o.s.w.s.h.BeanNameUrlHandlerMapping - Rejected bean name 'webConfig': no URL paths identified 
2017-09-07 11:14:19,058 [           main] DEBUG o.s.w.s.h.BeanNameUrlHandlerMapping - Rejected bean name 'wsController': no URL paths identified 
2017-09-07 11:14:19,058 [           main] DEBUG o.s.w.s.h.BeanNameUrlHandlerMapping - Rejected bean name 'pushListener': no URL paths identified 
2017-09-07 11:14:19,058 [           main] DEBUG o.s.w.s.h.BeanNameUrlHandlerMapping - Rejected bean name 'messageWebSocketHandler': no URL paths identified 
2017-09-07 11:14:19,058 [           main] DEBUG o.s.w.s.h.BeanNameUrlHandlerMapping - Rejected bean name 'webSocketConfig': no URL paths identified 
2017-09-07 11:14:19,058 [           main] DEBUG o.s.w.s.h.BeanNameUrlHandlerMapping - Rejected bean name 'org.springframework.cache.annotation.ProxyCachingConfiguration': no URL paths identified 
2017-09-07 11:14:19,058 [           main] DEBUG o.s.w.s.h.BeanNameUrlHandlerMapping - Rejected bean name 'org.springframework.cache.config.internalCacheAdvisor': no URL paths identified 
2017-09-07 11:14:19,058 [           main] DEBUG o.s.w.s.h.BeanNameUrlHandlerMapping - Rejected bean name 'cacheOperationSource': no URL paths identified 
2017-09-07 11:14:19,058 [           main] DEBUG o.s.w.s.h.BeanNameUrlHandlerMapping - Rejected bean name 'cacheInterceptor': no URL paths identified 
2017-09-07 11:14:19,058 [           main] DEBUG o.s.w.s.h.BeanNameUrlHandlerMapping - Rejected bean name 'org.springframework.aop.config.internalAutoProxyCreator': no URL paths identified 
2017-09-07 11:14:19,058 [           main] DEBUG o.s.w.s.h.BeanNameUrlHandlerMapping - Rejected bean name 'org.springframework.web.socket.config.annotation.DelegatingWebSocketConfiguration': no URL paths identified 
2017-09-07 11:14:19,058 [           main] DEBUG o.s.w.s.h.BeanNameUrlHandlerMapping - Rejected bean name 'webSocketHandlerMapping': no URL paths identified 
2017-09-07 11:14:19,059 [           main] DEBUG o.s.w.s.h.BeanNameUrlHandlerMapping - Rejected bean name 'defaultSockJsTaskScheduler': no URL paths identified 
2017-09-07 11:14:19,059 [           main] DEBUG o.s.w.s.h.BeanNameUrlHandlerMapping - Rejected bean name 'systemWebSocketHandler': no URL paths identified 
2017-09-07 11:14:19,059 [           main] DEBUG o.s.w.s.h.BeanNameUrlHandlerMapping - Rejected bean name 'org.springframework.boot.autoconfigure.AutoConfigurationPackages': no URL paths identified 
2017-09-07 11:14:19,059 [           main] DEBUG o.s.w.s.h.BeanNameUrlHandlerMapping - Rejected bean name 'org.springframework.boot.autoconfigure.PropertyPlaceholderAutoConfiguration': no URL paths identified 
2017-09-07 11:14:19,059 [           main] DEBUG o.s.w.s.h.BeanNameUrlHandlerMapping - Rejected bean name 'org.springframework.boot.autoconfigure.condition.BeanTypeRegistry': no URL paths identified 
2017-09-07 11:14:19,059 [           main] DEBUG o.s.w.s.h.BeanNameUrlHandlerMapping - Rejected bean name 'propertySourcesPlaceholderConfigurer': no URL paths identified 
2017-09-07 11:14:19,059 [           main] DEBUG o.s.w.s.h.BeanNameUrlHandlerMapping - Rejected bean name 'org.springframework.boot.autoconfigure.jackson.JacksonAutoConfiguration$Jackson2ObjectMapperBuilderCustomizerConfiguration': no URL paths identified 
2017-09-07 11:14:19,059 [           main] DEBUG o.s.w.s.h.BeanNameUrlHandlerMapping - Rejected bean name 'standardJacksonObjectMapperBuilderCustomizer': no URL paths identified 
2017-09-07 11:14:19,059 [           main] DEBUG o.s.w.s.h.BeanNameUrlHandlerMapping - Rejected bean name 'spring.jackson-org.springframework.boot.autoconfigure.jackson.JacksonProperties': no URL paths identified 
2017-09-07 11:14:19,059 [           main] DEBUG o.s.w.s.h.BeanNameUrlHandlerMapping - Rejected bean name 'org.springframework.boot.context.properties.ConfigurationPropertiesBindingPostProcessor': no URL paths identified 
2017-09-07 11:14:19,059 [           main] DEBUG o.s.w.s.h.BeanNameUrlHandlerMapping - Rejected bean name 'org.springframework.boot.context.properties.ConfigurationPropertiesBindingPostProcessor.store': no URL paths identified 
2017-09-07 11:14:19,059 [           main] DEBUG o.s.w.s.h.BeanNameUrlHandlerMapping - Rejected bean name 'org.springframework.boot.autoconfigure.jackson.JacksonAutoConfiguration$JacksonObjectMapperBuilderConfiguration': no URL paths identified 
2017-09-07 11:14:19,059 [           main] DEBUG o.s.w.s.h.BeanNameUrlHandlerMapping - Rejected bean name 'jacksonObjectMapperBuilder': no URL paths identified 
2017-09-07 11:14:19,059 [           main] DEBUG o.s.w.s.h.BeanNameUrlHandlerMapping - Rejected bean name 'org.springframework.boot.autoconfigure.jackson.JacksonAutoConfiguration$JacksonObjectMapperConfiguration': no URL paths identified 
2017-09-07 11:14:19,059 [           main] DEBUG o.s.w.s.h.BeanNameUrlHandlerMapping - Rejected bean name 'jacksonObjectMapper': no URL paths identified 
2017-09-07 11:14:19,059 [           main] DEBUG o.s.w.s.h.BeanNameUrlHandlerMapping - Rejected bean name 'org.springframework.boot.autoconfigure.jackson.JacksonAutoConfiguration': no URL paths identified 
2017-09-07 11:14:19,059 [           main] DEBUG o.s.w.s.h.BeanNameUrlHandlerMapping - Rejected bean name 'jsonComponentModule': no URL paths identified 
2017-09-07 11:14:19,060 [           main] DEBUG o.s.w.s.h.BeanNameUrlHandlerMapping - Rejected bean name 'org.springframework.boot.autoconfigure.websocket.WebSocketAutoConfiguration$TomcatWebSocketConfiguration': no URL paths identified 
2017-09-07 11:14:19,060 [           main] DEBUG o.s.w.s.h.BeanNameUrlHandlerMapping - Rejected bean name 'websocketContainerCustomizer': no URL paths identified 
2017-09-07 11:14:19,060 [           main] DEBUG o.s.w.s.h.BeanNameUrlHandlerMapping - Rejected bean name 'org.springframework.boot.autoconfigure.websocket.WebSocketAutoConfiguration': no URL paths identified 
2017-09-07 11:14:19,060 [           main] DEBUG o.s.w.s.h.BeanNameUrlHandlerMapping - Rejected bean name 'org.springframework.boot.autoconfigure.web.EmbeddedServletContainerAutoConfiguration$EmbeddedTomcat': no URL paths identified 
2017-09-07 11:14:19,060 [           main] DEBUG o.s.w.s.h.BeanNameUrlHandlerMapping - Rejected bean name 'tomcatEmbeddedServletContainerFactory': no URL paths identified 
2017-09-07 11:14:19,060 [           main] DEBUG o.s.w.s.h.BeanNameUrlHandlerMapping - Rejected bean name 'org.springframework.boot.autoconfigure.web.EmbeddedServletContainerAutoConfiguration': no URL paths identified 
2017-09-07 11:14:19,060 [           main] DEBUG o.s.w.s.h.BeanNameUrlHandlerMapping - Rejected bean name 'embeddedServletContainerCustomizerBeanPostProcessor': no URL paths identified 
2017-09-07 11:14:19,060 [           main] DEBUG o.s.w.s.h.BeanNameUrlHandlerMapping - Rejected bean name 'errorPageRegistrarBeanPostProcessor': no URL paths identified 
2017-09-07 11:14:19,060 [           main] DEBUG o.s.w.s.h.BeanNameUrlHandlerMapping - Rejected bean name 'org.springframework.boot.autoconfigure.web.DispatcherServletAutoConfiguration$DispatcherServletConfiguration': no URL paths identified 
2017-09-07 11:14:19,060 [           main] DEBUG o.s.w.s.h.BeanNameUrlHandlerMapping - Rejected bean name 'dispatcherServlet': no URL paths identified 
2017-09-07 11:14:19,061 [           main] DEBUG o.s.w.s.h.BeanNameUrlHandlerMapping - Rejected bean name 'spring.mvc-org.springframework.boot.autoconfigure.web.WebMvcProperties': no URL paths identified 
2017-09-07 11:14:19,061 [           main] DEBUG o.s.w.s.h.BeanNameUrlHandlerMapping - Rejected bean name 'org.springframework.boot.autoconfigure.web.DispatcherServletAutoConfiguration$DispatcherServletRegistrationConfiguration': no URL paths identified 
2017-09-07 11:14:19,061 [           main] DEBUG o.s.w.s.h.BeanNameUrlHandlerMapping - Rejected bean name 'dispatcherServletRegistration': no URL paths identified 
2017-09-07 11:14:19,061 [           main] DEBUG o.s.w.s.h.BeanNameUrlHandlerMapping - Rejected bean name 'org.springframework.boot.autoconfigure.web.DispatcherServletAutoConfiguration': no URL paths identified 
2017-09-07 11:14:19,061 [           main] DEBUG o.s.w.s.h.BeanNameUrlHandlerMapping - Rejected bean name 'org.springframework.boot.autoconfigure.web.ErrorMvcAutoConfiguration$WhitelabelErrorViewConfiguration': no URL paths identified 
2017-09-07 11:14:19,061 [           main] DEBUG o.s.w.s.h.BeanNameUrlHandlerMapping - Rejected bean name 'error': no URL paths identified 
2017-09-07 11:14:19,061 [           main] DEBUG o.s.w.s.h.BeanNameUrlHandlerMapping - Rejected bean name 'beanNameViewResolver': no URL paths identified 
2017-09-07 11:14:19,061 [           main] DEBUG o.s.w.s.h.BeanNameUrlHandlerMapping - Rejected bean name 'org.springframework.boot.autoconfigure.web.ErrorMvcAutoConfiguration': no URL paths identified 
2017-09-07 11:14:19,061 [           main] DEBUG o.s.w.s.h.BeanNameUrlHandlerMapping - Rejected bean name 'errorAttributes': no URL paths identified 
2017-09-07 11:14:19,061 [           main] DEBUG o.s.w.s.h.BeanNameUrlHandlerMapping - Rejected bean name 'basicErrorController': no URL paths identified 
2017-09-07 11:14:19,061 [           main] DEBUG o.s.w.s.h.BeanNameUrlHandlerMapping - Rejected bean name 'errorPageCustomizer': no URL paths identified 
2017-09-07 11:14:19,061 [           main] DEBUG o.s.w.s.h.BeanNameUrlHandlerMapping - Rejected bean name 'conventionErrorViewResolver': no URL paths identified 
2017-09-07 11:14:19,061 [           main] DEBUG o.s.w.s.h.BeanNameUrlHandlerMapping - Rejected bean name 'preserveErrorControllerTargetClassPostProcessor': no URL paths identified 
2017-09-07 11:14:19,061 [           main] DEBUG o.s.w.s.h.BeanNameUrlHandlerMapping - Rejected bean name 'spring.resources-org.springframework.boot.autoconfigure.web.ResourceProperties': no URL paths identified 
2017-09-07 11:14:19,061 [           main] DEBUG o.s.w.s.h.BeanNameUrlHandlerMapping - Rejected bean name 'org.springframework.boot.autoconfigure.web.WebMvcAutoConfiguration$EnableWebMvcConfiguration': no URL paths identified 
2017-09-07 11:14:19,061 [           main] DEBUG o.s.w.s.h.BeanNameUrlHandlerMapping - Rejected bean name 'requestMappingHandlerAdapter': no URL paths identified 
2017-09-07 11:14:19,061 [           main] DEBUG o.s.w.s.h.BeanNameUrlHandlerMapping - Rejected bean name 'requestMappingHandlerMapping': no URL paths identified 
2017-09-07 11:14:19,062 [           main] DEBUG o.s.w.s.h.BeanNameUrlHandlerMapping - Rejected bean name 'mvcContentNegotiationManager': no URL paths identified 
2017-09-07 11:14:19,062 [           main] DEBUG o.s.w.s.h.BeanNameUrlHandlerMapping - Rejected bean name 'viewControllerHandlerMapping': no URL paths identified 
2017-09-07 11:14:19,062 [           main] DEBUG o.s.w.s.h.BeanNameUrlHandlerMapping - Rejected bean name 'beanNameHandlerMapping': no URL paths identified 
2017-09-07 11:14:19,063 [           main] DEBUG o.s.w.s.h.BeanNameUrlHandlerMapping - Rejected bean name 'resourceHandlerMapping': no URL paths identified 
2017-09-07 11:14:19,063 [           main] DEBUG o.s.w.s.h.BeanNameUrlHandlerMapping - Rejected bean name 'mvcResourceUrlProvider': no URL paths identified 
2017-09-07 11:14:19,063 [           main] DEBUG o.s.w.s.h.BeanNameUrlHandlerMapping - Rejected bean name 'defaultServletHandlerMapping': no URL paths identified 
2017-09-07 11:14:19,063 [           main] DEBUG o.s.w.s.h.BeanNameUrlHandlerMapping - Rejected bean name 'mvcConversionService': no URL paths identified 
2017-09-07 11:14:19,063 [           main] DEBUG o.s.w.s.h.BeanNameUrlHandlerMapping - Rejected bean name 'mvcValidator': no URL paths identified 
2017-09-07 11:14:19,063 [           main] DEBUG o.s.w.s.h.BeanNameUrlHandlerMapping - Rejected bean name 'mvcPathMatcher': no URL paths identified 
2017-09-07 11:14:19,063 [           main] DEBUG o.s.w.s.h.BeanNameUrlHandlerMapping - Rejected bean name 'mvcUrlPathHelper': no URL paths identified 
2017-09-07 11:14:19,063 [           main] DEBUG o.s.w.s.h.BeanNameUrlHandlerMapping - Rejected bean name 'mvcUriComponentsContributor': no URL paths identified 
2017-09-07 11:14:19,063 [           main] DEBUG o.s.w.s.h.BeanNameUrlHandlerMapping - Rejected bean name 'httpRequestHandlerAdapter': no URL paths identified 
2017-09-07 11:14:19,063 [           main] DEBUG o.s.w.s.h.BeanNameUrlHandlerMapping - Rejected bean name 'simpleControllerHandlerAdapter': no URL paths identified 
2017-09-07 11:14:19,063 [           main] DEBUG o.s.w.s.h.BeanNameUrlHandlerMapping - Rejected bean name 'handlerExceptionResolver': no URL paths identified 
2017-09-07 11:14:19,063 [           main] DEBUG o.s.w.s.h.BeanNameUrlHandlerMapping - Rejected bean name 'mvcViewResolver': no URL paths identified 
2017-09-07 11:14:19,063 [           main] DEBUG o.s.w.s.h.BeanNameUrlHandlerMapping - Rejected bean name 'org.springframework.boot.autoconfigure.web.WebMvcAutoConfiguration$WebMvcAutoConfigurationAdapter$FaviconConfiguration': no URL paths identified 
2017-09-07 11:14:19,063 [           main] DEBUG o.s.w.s.h.BeanNameUrlHandlerMapping - Rejected bean name 'faviconHandlerMapping': no URL paths identified 
2017-09-07 11:14:19,063 [           main] DEBUG o.s.w.s.h.BeanNameUrlHandlerMapping - Rejected bean name 'faviconRequestHandler': no URL paths identified 
2017-09-07 11:14:19,063 [           main] DEBUG o.s.w.s.h.BeanNameUrlHandlerMapping - Rejected bean name 'org.springframework.boot.autoconfigure.web.WebMvcAutoConfiguration$WebMvcAutoConfigurationAdapter': no URL paths identified 
2017-09-07 11:14:19,063 [           main] DEBUG o.s.w.s.h.BeanNameUrlHandlerMapping - Rejected bean name 'defaultViewResolver': no URL paths identified 
2017-09-07 11:14:19,063 [           main] DEBUG o.s.w.s.h.BeanNameUrlHandlerMapping - Rejected bean name 'viewResolver': no URL paths identified 
2017-09-07 11:14:19,063 [           main] DEBUG o.s.w.s.h.BeanNameUrlHandlerMapping - Rejected bean name 'requestContextFilter': no URL paths identified 
2017-09-07 11:14:19,063 [           main] DEBUG o.s.w.s.h.BeanNameUrlHandlerMapping - Rejected bean name 'org.springframework.boot.autoconfigure.web.WebMvcAutoConfiguration': no URL paths identified 
2017-09-07 11:14:19,063 [           main] DEBUG o.s.w.s.h.BeanNameUrlHandlerMapping - Rejected bean name 'hiddenHttpMethodFilter': no URL paths identified 
2017-09-07 11:14:19,063 [           main] DEBUG o.s.w.s.h.BeanNameUrlHandlerMapping - Rejected bean name 'httpPutFormContentFilter': no URL paths identified 
2017-09-07 11:14:19,063 [           main] DEBUG o.s.w.s.h.BeanNameUrlHandlerMapping - Rejected bean name 'org.springframework.boot.autoconfigure.jmx.JmxAutoConfiguration': no URL paths identified 
2017-09-07 11:14:19,064 [           main] DEBUG o.s.w.s.h.BeanNameUrlHandlerMapping - Rejected bean name 'mbeanExporter': no URL paths identified 
2017-09-07 11:14:19,064 [           main] DEBUG o.s.w.s.h.BeanNameUrlHandlerMapping - Rejected bean name 'objectNamingStrategy': no URL paths identified 
2017-09-07 11:14:19,064 [           main] DEBUG o.s.w.s.h.BeanNameUrlHandlerMapping - Rejected bean name 'mbeanServer': no URL paths identified 
2017-09-07 11:14:19,064 [           main] DEBUG o.s.w.s.h.BeanNameUrlHandlerMapping - Rejected bean name 'org.springframework.boot.autoconfigure.cache.CacheManagerCustomizers': no URL paths identified 
2017-09-07 11:14:19,064 [           main] DEBUG o.s.w.s.h.BeanNameUrlHandlerMapping - Rejected bean name 'org.springframework.boot.autoconfigure.cache.SimpleCacheConfiguration': no URL paths identified 
2017-09-07 11:14:19,064 [           main] DEBUG o.s.w.s.h.BeanNameUrlHandlerMapping - Rejected bean name 'cacheManager': no URL paths identified 
2017-09-07 11:14:19,064 [           main] DEBUG o.s.w.s.h.BeanNameUrlHandlerMapping - Rejected bean name 'org.springframework.boot.autoconfigure.cache.CacheAutoConfiguration': no URL paths identified 
2017-09-07 11:14:19,064 [           main] DEBUG o.s.w.s.h.BeanNameUrlHandlerMapping - Rejected bean name 'cacheAutoConfigurationValidatorPostProcessor': no URL paths identified 
2017-09-07 11:14:19,064 [           main] DEBUG o.s.w.s.h.BeanNameUrlHandlerMapping - Rejected bean name 'cacheAutoConfigurationValidator': no URL paths identified 
2017-09-07 11:14:19,065 [           main] DEBUG o.s.w.s.h.BeanNameUrlHandlerMapping - Rejected bean name 'spring.cache-org.springframework.boot.autoconfigure.cache.CacheProperties': no URL paths identified 
2017-09-07 11:14:19,065 [           main] DEBUG o.s.w.s.h.BeanNameUrlHandlerMapping - Rejected bean name 'org.springframework.boot.autoconfigure.context.ConfigurationPropertiesAutoConfiguration': no URL paths identified 
2017-09-07 11:14:19,065 [           main] DEBUG o.s.w.s.h.BeanNameUrlHandlerMapping - Rejected bean name 'org.springframework.boot.autoconfigure.gson.GsonAutoConfiguration': no URL paths identified 
2017-09-07 11:14:19,065 [           main] DEBUG o.s.w.s.h.BeanNameUrlHandlerMapping - Rejected bean name 'gson': no URL paths identified 
2017-09-07 11:14:19,065 [           main] DEBUG o.s.w.s.h.BeanNameUrlHandlerMapping - Rejected bean name 'org.springframework.boot.autoconfigure.web.HttpMessageConvertersAutoConfiguration$StringHttpMessageConverterConfiguration': no URL paths identified 
2017-09-07 11:14:19,065 [           main] DEBUG o.s.w.s.h.BeanNameUrlHandlerMapping - Rejected bean name 'stringHttpMessageConverter': no URL paths identified 
2017-09-07 11:14:19,065 [           main] DEBUG o.s.w.s.h.BeanNameUrlHandlerMapping - Rejected bean name 'spring.http.encoding-org.springframework.boot.autoconfigure.web.HttpEncodingProperties': no URL paths identified 
2017-09-07 11:14:19,065 [           main] DEBUG o.s.w.s.h.BeanNameUrlHandlerMapping - Rejected bean name 'org.springframework.boot.autoconfigure.web.JacksonHttpMessageConvertersConfiguration$MappingJackson2HttpMessageConverterConfiguration': no URL paths identified 
2017-09-07 11:14:19,065 [           main] DEBUG o.s.w.s.h.BeanNameUrlHandlerMapping - Rejected bean name 'mappingJackson2HttpMessageConverter': no URL paths identified 
2017-09-07 11:14:19,065 [           main] DEBUG o.s.w.s.h.BeanNameUrlHandlerMapping - Rejected bean name 'org.springframework.boot.autoconfigure.web.JacksonHttpMessageConvertersConfiguration': no URL paths identified 
2017-09-07 11:14:19,065 [           main] DEBUG o.s.w.s.h.BeanNameUrlHandlerMapping - Rejected bean name 'org.springframework.boot.autoconfigure.web.GsonHttpMessageConvertersConfiguration': no URL paths identified 
2017-09-07 11:14:19,065 [           main] DEBUG o.s.w.s.h.BeanNameUrlHandlerMapping - Rejected bean name 'org.springframework.boot.autoconfigure.web.HttpMessageConvertersAutoConfiguration': no URL paths identified 
2017-09-07 11:14:19,065 [           main] DEBUG o.s.w.s.h.BeanNameUrlHandlerMapping - Rejected bean name 'messageConverters': no URL paths identified 
2017-09-07 11:14:19,065 [           main] DEBUG o.s.w.s.h.BeanNameUrlHandlerMapping - Rejected bean name 'org.springframework.boot.autoconfigure.info.ProjectInfoAutoConfiguration': no URL paths identified 
2017-09-07 11:14:19,065 [           main] DEBUG o.s.w.s.h.BeanNameUrlHandlerMapping - Rejected bean name 'spring.info-org.springframework.boot.autoconfigure.info.ProjectInfoProperties': no URL paths identified 
2017-09-07 11:14:19,065 [           main] DEBUG o.s.w.s.h.BeanNameUrlHandlerMapping - Rejected bean name 'org.springframework.boot.autoconfigure.thymeleaf.ThymeleafAutoConfiguration$ThymeleafResourceHandlingConfig': no URL paths identified 
2017-09-07 11:14:19,065 [           main] DEBUG o.s.w.s.h.BeanNameUrlHandlerMapping - Rejected bean name 'org.springframework.boot.autoconfigure.thymeleaf.ThymeleafAutoConfiguration$ThymeleafWebLayoutConfiguration': no URL paths identified 
2017-09-07 11:14:19,065 [           main] DEBUG o.s.w.s.h.BeanNameUrlHandlerMapping - Rejected bean name 'layoutDialect': no URL paths identified 
2017-09-07 11:14:19,065 [           main] DEBUG o.s.w.s.h.BeanNameUrlHandlerMapping - Rejected bean name 'org.springframework.boot.autoconfigure.thymeleaf.ThymeleafAutoConfiguration$ThymeleafDefaultConfiguration': no URL paths identified 
2017-09-07 11:14:19,065 [           main] DEBUG o.s.w.s.h.BeanNameUrlHandlerMapping - Rejected bean name 'templateEngine': no URL paths identified 
2017-09-07 11:14:19,065 [           main] DEBUG o.s.w.s.h.BeanNameUrlHandlerMapping - Rejected bean name 'org.springframework.boot.autoconfigure.thymeleaf.ThymeleafAutoConfiguration$Thymeleaf2Configuration$Thymeleaf2ViewResolverConfiguration': no URL paths identified 
2017-09-07 11:14:19,066 [           main] DEBUG o.s.w.s.h.BeanNameUrlHandlerMapping - Rejected bean name 'thymeleafViewResolver': no URL paths identified 
2017-09-07 11:14:19,066 [           main] DEBUG o.s.w.s.h.BeanNameUrlHandlerMapping - Rejected bean name 'org.springframework.boot.autoconfigure.thymeleaf.ThymeleafAutoConfiguration$Thymeleaf2Configuration$DefaultTemplateResolverConfiguration': no URL paths identified 
2017-09-07 11:14:19,066 [           main] DEBUG o.s.w.s.h.BeanNameUrlHandlerMapping - Rejected bean name 'thymeleafResourceResolver': no URL paths identified 
2017-09-07 11:14:19,066 [           main] DEBUG o.s.w.s.h.BeanNameUrlHandlerMapping - Rejected bean name 'defaultTemplateResolver': no URL paths identified 
2017-09-07 11:14:19,066 [           main] DEBUG o.s.w.s.h.BeanNameUrlHandlerMapping - Rejected bean name 'org.springframework.boot.autoconfigure.thymeleaf.ThymeleafAutoConfiguration$Thymeleaf2Configuration': no URL paths identified 
2017-09-07 11:14:19,066 [           main] DEBUG o.s.w.s.h.BeanNameUrlHandlerMapping - Rejected bean name 'org.springframework.boot.autoconfigure.thymeleaf.ThymeleafAutoConfiguration': no URL paths identified 
2017-09-07 11:14:19,066 [           main] DEBUG o.s.w.s.h.BeanNameUrlHandlerMapping - Rejected bean name 'spring.thymeleaf-org.springframework.boot.autoconfigure.thymeleaf.ThymeleafProperties': no URL paths identified 
2017-09-07 11:14:19,066 [           main] DEBUG o.s.w.s.h.BeanNameUrlHandlerMapping - Rejected bean name 'org.springframework.boot.autoconfigure.web.HttpEncodingAutoConfiguration': no URL paths identified 
2017-09-07 11:14:19,066 [           main] DEBUG o.s.w.s.h.BeanNameUrlHandlerMapping - Rejected bean name 'characterEncodingFilter': no URL paths identified 
2017-09-07 11:14:19,066 [           main] DEBUG o.s.w.s.h.BeanNameUrlHandlerMapping - Rejected bean name 'localeCharsetMappingsCustomizer': no URL paths identified 
2017-09-07 11:14:19,066 [           main] DEBUG o.s.w.s.h.BeanNameUrlHandlerMapping - Rejected bean name 'org.springframework.boot.autoconfigure.web.MultipartAutoConfiguration': no URL paths identified 
2017-09-07 11:14:19,066 [           main] DEBUG o.s.w.s.h.BeanNameUrlHandlerMapping - Rejected bean name 'multipartConfigElement': no URL paths identified 
2017-09-07 11:14:19,066 [           main] DEBUG o.s.w.s.h.BeanNameUrlHandlerMapping - Rejected bean name 'multipartResolver': no URL paths identified 
2017-09-07 11:14:19,066 [           main] DEBUG o.s.w.s.h.BeanNameUrlHandlerMapping - Rejected bean name 'spring.http.multipart-org.springframework.boot.autoconfigure.web.MultipartProperties': no URL paths identified 
2017-09-07 11:14:19,066 [           main] DEBUG o.s.w.s.h.BeanNameUrlHandlerMapping - Rejected bean name 'org.springframework.boot.autoconfigure.web.ServerPropertiesAutoConfiguration': no URL paths identified 
2017-09-07 11:14:19,066 [           main] DEBUG o.s.w.s.h.BeanNameUrlHandlerMapping - Rejected bean name 'serverProperties': no URL paths identified 
2017-09-07 11:14:19,066 [           main] DEBUG o.s.w.s.h.BeanNameUrlHandlerMapping - Rejected bean name 'duplicateServerPropertiesDetector': no URL paths identified 
2017-09-07 11:14:19,067 [           main] DEBUG o.s.w.s.h.BeanNameUrlHandlerMapping - Rejected bean name 'org.springframework.boot.autoconfigure.web.WebClientAutoConfiguration$RestTemplateConfiguration': no URL paths identified 
2017-09-07 11:14:19,067 [           main] DEBUG o.s.w.s.h.BeanNameUrlHandlerMapping - Rejected bean name 'restTemplateBuilder': no URL paths identified 
2017-09-07 11:14:19,067 [           main] DEBUG o.s.w.s.h.BeanNameUrlHandlerMapping - Rejected bean name 'org.springframework.boot.autoconfigure.web.WebClientAutoConfiguration': no URL paths identified 
2017-09-07 11:14:19,067 [           main] DEBUG o.s.w.s.h.BeanNameUrlHandlerMapping - Rejected bean name 'org.springframework.boot.autoconfigure.websocket.WebSocketMessagingAutoConfiguration$WebSocketMessageConverterConfiguration': no URL paths identified 
2017-09-07 11:14:19,067 [           main] DEBUG o.s.w.s.h.BeanNameUrlHandlerMapping - Rejected bean name 'org.springframework.boot.autoconfigure.websocket.WebSocketMessagingAutoConfiguration': no URL paths identified 
2017-09-07 11:14:19,067 [           main] DEBUG o.s.w.s.h.BeanNameUrlHandlerMapping - Rejected bean name 'autoConfigurationReport': no URL paths identified 
2017-09-07 11:14:19,067 [           main] DEBUG o.s.w.s.h.BeanNameUrlHandlerMapping - Rejected bean name 'springApplicationArguments': no URL paths identified 
2017-09-07 11:14:19,067 [           main] DEBUG o.s.w.s.h.BeanNameUrlHandlerMapping - Rejected bean name 'springBootBanner': no URL paths identified 
2017-09-07 11:14:19,067 [           main] DEBUG o.s.w.s.h.BeanNameUrlHandlerMapping - Rejected bean name 'springBootLoggingSystem': no URL paths identified 
2017-09-07 11:14:19,067 [           main] DEBUG o.s.w.s.h.BeanNameUrlHandlerMapping - Rejected bean name 'environment': no URL paths identified 
2017-09-07 11:14:19,067 [           main] DEBUG o.s.w.s.h.BeanNameUrlHandlerMapping - Rejected bean name 'systemProperties': no URL paths identified 
2017-09-07 11:14:19,067 [           main] DEBUG o.s.w.s.h.BeanNameUrlHandlerMapping - Rejected bean name 'systemEnvironment': no URL paths identified 
2017-09-07 11:14:19,067 [           main] DEBUG o.s.w.s.h.BeanNameUrlHandlerMapping - Rejected bean name 'org.springframework.context.annotation.ConfigurationClassPostProcessor.importRegistry': no URL paths identified 
2017-09-07 11:14:19,067 [           main] DEBUG o.s.w.s.h.BeanNameUrlHandlerMapping - Rejected bean name 'messageSource': no URL paths identified 
2017-09-07 11:14:19,067 [           main] DEBUG o.s.w.s.h.BeanNameUrlHandlerMapping - Rejected bean name 'applicationEventMulticaster': no URL paths identified 
2017-09-07 11:14:19,067 [           main] DEBUG o.s.w.s.h.BeanNameUrlHandlerMapping - Rejected bean name 'servletContext': no URL paths identified 
2017-09-07 11:14:19,067 [           main] DEBUG o.s.w.s.h.BeanNameUrlHandlerMapping - Rejected bean name 'contextParameters': no URL paths identified 
2017-09-07 11:14:19,067 [           main] DEBUG o.s.w.s.h.BeanNameUrlHandlerMapping - Rejected bean name 'contextAttributes': no URL paths identified 
2017-09-07 11:14:19,080 [           main] INFO  o.s.w.s.h.SimpleUrlHandlerMapping - Mapped URL path [/webjars/**] onto handler of type [class org.springframework.web.servlet.resource.ResourceHttpRequestHandler] 
2017-09-07 11:14:19,081 [           main] INFO  o.s.w.s.h.SimpleUrlHandlerMapping - Mapped URL path [/**] onto handler of type [class org.springframework.web.servlet.resource.ResourceHttpRequestHandler] 
2017-09-07 11:14:19,104 [           main] DEBUG o.s.w.s.m.m.a.ExceptionHandlerExceptionResolver - Looking for exception mappings: org.springframework.boot.context.embedded.AnnotationConfigEmbeddedWebApplicationContext@408d971b: startup date [Thu Sep 07 11:14:16 CST 2017]; root of context hierarchy 
2017-09-07 11:14:19,144 [           main] INFO  o.s.w.s.h.SimpleUrlHandlerMapping - Mapped URL path [/**/favicon.ico] onto handler of type [class org.springframework.web.servlet.resource.ResourceHttpRequestHandler] 
2017-09-07 11:14:19,735 [           main] INFO  o.s.j.e.a.AnnotationMBeanExporter - Registering beans for JMX exposure on startup 
2017-09-07 11:14:19,742 [           main] INFO  o.s.c.s.DefaultLifecycleProcessor - Starting beans in phase 2147483647 
2017-09-07 11:14:19,748 [           main] DEBUG o.s.w.s.r.ResourceUrlProvider - Looking for resource handler mappings 
2017-09-07 11:14:19,749 [           main] DEBUG o.s.w.s.r.ResourceUrlProvider - Found resource handler mapping: URL pattern="/**/favicon.ico", locations=[ServletContext resource [/], class path resource [META-INF/resources/], class path resource [resources/], class path resource [static/], class path resource [public/], class path resource []], resolvers=[org.springframework.web.servlet.resource.PathResourceResolver@35cd68d4] 
2017-09-07 11:14:19,749 [           main] DEBUG o.s.w.s.r.ResourceUrlProvider - Found resource handler mapping: URL pattern="/webjars/**", locations=[class path resource [META-INF/resources/webjars/]], resolvers=[org.springframework.web.servlet.resource.PathResourceResolver@316a598d] 
2017-09-07 11:14:19,749 [           main] DEBUG o.s.w.s.r.ResourceUrlProvider - Found resource handler mapping: URL pattern="/**", locations=[ServletContext resource [/], class path resource [META-INF/resources/], class path resource [resources/], class path resource [static/], class path resource [public/]], resolvers=[org.springframework.web.servlet.resource.PathResourceResolver@216914] 
2017-09-07 11:14:19,755 [           main] INFO  o.a.coyote.http11.Http11NioProtocol - Initializing ProtocolHandler ["http-nio-8124"] 
2017-09-07 11:14:19,768 [           main] INFO  o.a.coyote.http11.Http11NioProtocol - Starting ProtocolHandler [http-nio-8124] 
2017-09-07 11:14:19,783 [           main] INFO  o.a.tomcat.util.net.NioSelectorPool - Using a shared selector for servlet write/read 
2017-09-07 11:14:20,012 [           main] INFO  o.s.b.c.e.t.TomcatEmbeddedServletContainer - Tomcat started on port(s): 8124 (http) 
2017-09-07 11:14:20,013 [           main] DEBUG o.s.w.c.s.StandardServletEnvironment - Adding [server.ports] PropertySource with highest search precedence 
2017-09-07 11:14:20,016 [           main] DEBUG c.z.f.u.server.listen.PushListener - 推送线程-0,启动成功 
2017-09-07 11:14:20,017 [           main] DEBUG c.z.f.u.server.listen.PushListener - 推送线程-1,启动成功 
2017-09-07 11:14:20,019 [           main] DEBUG c.z.f.u.server.listen.PushListener - 推送线程-2,启动成功 
2017-09-07 11:14:20,019 [           main] DEBUG c.z.f.u.server.listen.PushListener - 推送线程-3,启动成功 
2017-09-07 11:14:20,020 [           main] DEBUG c.z.f.u.server.listen.PushListener - 推送线程-4,启动成功 
2017-09-07 11:14:20,021 [           main] DEBUG c.z.f.u.server.listen.PushListener - 推送线程-5,启动成功 
2017-09-07 11:14:20,022 [           main] DEBUG c.z.f.u.server.listen.PushListener - 推送线程-6,启动成功 
2017-09-07 11:14:20,023 [           main] DEBUG c.z.f.u.server.listen.PushListener - 推送线程-7,启动成功 
2017-09-07 11:14:20,023 [           main] DEBUG c.z.f.u.server.listen.PushListener - 推送线程-8,启动成功 
2017-09-07 11:14:20,023 [           main] DEBUG c.z.f.u.server.listen.PushListener - 推送线程-9,启动成功 
2017-09-07 11:14:20,026 [           main] INFO  c.z.f.usercenter.server.pushServer - Started pushServer in 4.677 seconds (JVM running for 5.214) 
